/*C51*/SET SCHEMA PUBLIC
INSERT INTO PRESCRIPTION VALUES(35,1,1,'\u043c\u0430\u0441\u0441\u0430\u0436','2021-11-23','STATIM','2022-11-23')
COMMIT
/*C99*/SET SCHEMA PUBLIC
INSERT INTO PRESCRIPTION VALUES(36,10,10,'\u0440\u043e\u043c\u0430\u0448\u043a\u043e\u0432\u044b\u0439 \u0447\u0430\u0439','2020-01-01','CITO','2020-01-01')
COMMIT
/*C149*/SET SCHEMA PUBLIC
DELETE FROM PRESCRIPTION WHERE ID=13
INSERT INTO PRESCRIPTION VALUES(13,17,0,'\u0440\u043e\u043c\u0430\u0448\u043a\u043e\u0432\u044b\u0439 \u0447\u0430\u0439','2020-01-01','CITO','2021-01-01')
COMMIT
/*C199*/SET SCHEMA PUBLIC
DELETE FROM PRESCRIPTION WHERE ID=1
INSERT INTO PRESCRIPTION VALUES(1,0,1,'\u043d\u043e\u0448\u043f\u0430','2020-01-01','NORMAL','2021-01-01')
COMMIT
/*C249*/SET SCHEMA PUBLIC
DELETE FROM PRESCRIPTION WHERE ID=2
INSERT INTO PRESCRIPTION VALUES(2,1,0,'\u043f\u0440\u0435\u043f\u0430\u0440\u0430\u04422','2020-10-01','NORMAL','2021-10-01')
COMMIT
/*C299*/SET SCHEMA PUBLIC
DELETE FROM PRESCRIPTION WHERE ID=16
INSERT INTO PRESCRIPTION VALUES(16,1,10,'\u0440\u0435\u0446\u0435\u043f\u0442 \u0441 \u0440\u0435\u0446\u0435\u043f\u0442\u0430\u043c\u0438','2020-10-01','CITO','2021-10-01')
COMMIT
